<?xml version="1.0" encoding="utf-8"?><testsuites name="pytest tests"><testsuite name="pytest" errors="0" failures="1" skipped="0" tests="11" time="31.670" timestamp="2026-04-26T09:11:45.988894+00:00" hostname="agent-env-260121f1-d4f6-485e-99ee-0d61f4b27c65"><testcase classname="backend.tests.test_nyainfo_api.TestHealth" name="test_root" time="30.191"><failure message="assert 502 == 200&#10; +  where 502 = &lt;Response [502]&gt;.status_code">backend/tests/test_nyainfo_api.py:9: in test_root
    assert r.status_code == 200
E   assert 502 == 200
E    +  where 502 = &lt;Response [502]&gt;.status_code</failure></testcase><testcase classname="backend.tests.test_nyainfo_api.TestHealth" name="test_health" time="0.181" /><testcase classname="backend.tests.test_nyainfo_api.TestContact" name="test_submit_valid_contact_persists" time="0.198" /><testcase classname="backend.tests.test_nyainfo_api.TestContact" name="test_submit_minimal_required_fields" time="0.138" /><testcase classname="backend.tests.test_nyainfo_api.TestContact" name="test_submit_missing_name" time="0.104" /><testcase classname="backend.tests.test_nyainfo_api.TestContact" name="test_submit_missing_email" time="0.103" /><testcase classname="backend.tests.test_nyainfo_api.TestContact" name="test_submit_missing_message" time="0.104" /><testcase classname="backend.tests.test_nyainfo_api.TestContact" name="test_submit_invalid_email" time="0.121" /><testcase classname="backend.tests.test_nyainfo_api.TestContact" name="test_submit_empty_name" time="0.116" /><testcase classname="backend.tests.test_nyainfo_api.TestContact" name="test_list_contacts_sorted_desc" time="0.197" /><testcase classname="backend.tests.test_nyainfo_api.TestContact" name="test_list_contacts_excludes_mongo_id" time="0.162" /></testsuite></testsuites>